<?xml version="1.0" encoding="UTF-8"?>
<!-- Generated by org.testng.reporters.JUnitReportReporter -->
<testsuite skipped="0" hostname="ip-172-31-84-215" name="Testng.Testcase2" tests="2" failures="0" timestamp="2021-10-30T09:52:25 UTC" time="0.010" errors="0">
  <testcase name="CCTest" time="0.006" classname="Testng.Testcase2"/>
  <system-out/>
  <testcase name="CreditCardTest" time="0.004" classname="Testng.Testcase2"/>
  <system-out/>
</testsuite> <!-- Testng.Testcase2 -->
