<?xml version="1.0" encoding="UTF-8"?>
<!-- Generated by org.testng.reporters.JUnitReportReporter -->
<testsuite skipped="0" hostname="ip-172-31-84-215" name="Testng.Testcase1" tests="3" failures="0" timestamp="2021-10-30T09:47:31 UTC" time="0.017" errors="0">
  <testcase name="CarLoanTest" time="0.012" classname="Testng.Testcase1"/>
  <system-out/>
  <testcase name="HomeLoanTest1" time="0.002" classname="Testng.Testcase1"/>
  <system-out/>
  <testcase name="HomeLoanTest" time="0.003" classname="Testng.Testcase1"/>
  <system-out/>
</testsuite> <!-- Testng.Testcase1 -->
